<?xml version="1.0" encoding="UTF-8"?>
<testsuites name="Coba aja" time="37.798" tests="3" failures="0" errors="0">
   <testsuite name="Coba aja" tests="3" failures="0" errors="0" time="37.798" skipped="0" timestamp="2023-09-22 14:26:26" hostname="Lenovo - TIGORR" id="Test Suites/Coba aja">
      <properties>
         <property name="deviceName" value=""/>
         <property name="devicePlatform" value=""/>
         <property name="logFolder" value="D:\\VALO\\Riot Games\\Katalon_Belajar\\Reports\\20230922_142623\\Coba aja\\20230922_142623"/>
         <property name="logFiles" value="D:\\VALO\\Riot Games\\Katalon_Belajar\\Reports\\20230922_142623\\Coba aja\\20230922_142623\\execution0.log"/>
         <property name="attachments" value=""/>
         <property name="hostName" value="Lenovo - TIGORR"/>
         <property name="os" value="Windows 11 64bit"/>
         <property name="katalonVersion" value="8.6.8.208"/>
         <property name="browser" value="Chrome 117.0.0.0"/>
         <property name="hostAddress" value="192.168.1.7"/>
         <property name="sessionId" value="4155058f94548a52a5dc5ee8768fa316"/>
         <property name="seleniumVersion" value="3.141.59"/>
         <property name="proxyInformation" value="ProxyInformation { proxyOption=NO_PROXY, proxyServerType=HTTP, username=, password=********, proxyServerAddress=, proxyServerPort=0, executionList=&quot;&quot;, isApplyToDesiredCapabilities=true }"/>
         <property name="platform" value="Windows 11"/>
      </properties>
      <testcase name="Test Cases/Coba aja" time="25.04" classname="Test Cases/Coba aja" status="PASSED">
         <system-out><![CDATA[2023-09-22 14:26:26 - [TEST_CASE][PASSED] - Test Cases/Coba aja: Test Cases/Coba aja

2023-09-22 14:26:26 - [TEST_STEP][PASSED] - openBrowser(""): Browser is opened with url: ''

2023-09-22 14:26:27 - [MESSAGE][INFO] - Starting 'Chrome' driver

2023-09-22 14:26:27 - [MESSAGE][INFO] - Action delay is set to 0 milliseconds

2023-09-22 14:26:42 - [MESSAGE][PASSED] - Browser is opened with url: ''

2023-09-22 14:26:42 - [TEST_STEP][PASSED] - navigateToUrl("https://demowebshop.tricentis.com/"): Navigate to 'https://demowebshop.tricentis.com/' successfully

2023-09-22 14:26:44 - [MESSAGE][PASSED] - Navigate to 'https://demowebshop.tricentis.com/' successfully

2023-09-22 14:26:44 - [TEST_STEP][PASSED] - click(findTestObject("Object Repository/Page_Demo Web Shop/a_Log in")): Object: 'Object Repository/Page_Demo Web Shop/a_Log in' is clicked on

2023-09-22 14:26:45 - [MESSAGE][PASSED] - Object: 'Object Repository/Page_Demo Web Shop/a_Log in' is clicked on

2023-09-22 14:26:45 - [TEST_STEP][PASSED] - setText(findTestObject("Object Repository/Page_Demo Web Shop. Login/input_Email_Email"), "tigorsumarja1@gmail.com"): Text 'tigorsumarja1@gmail.com' is set on object 'Object Repository/Page_Demo Web Shop. Login/input_Email_Email'

2023-09-22 14:26:46 - [MESSAGE][PASSED] - Text 'tigorsumarja1@gmail.com' is set on object 'Object Repository/Page_Demo Web Shop. Login/input_Email_Email'

2023-09-22 14:26:46 - [TEST_STEP][PASSED] - setEncryptedText(findTestObject("Object Repository/Page_Demo Web Shop. Login/input_Password_Password"), "QAy133prCaeJK/Mrhjsxkw=="): Text ****** has been set on object 'Object Repository/Page_Demo Web Shop. Login/input_Password_Password'

2023-09-22 14:26:46 - [MESSAGE][PASSED] - Text ****** has been set on object 'Object Repository/Page_Demo Web Shop. Login/input_Password_Password'

2023-09-22 14:26:46 - [TEST_STEP][PASSED] - setText(findTestObject("Object Repository/Page_Demo Web Shop. Login/input_Email_Email"), "tigorsumarja@gmail.com"): Text 'tigorsumarja@gmail.com' is set on object 'Object Repository/Page_Demo Web Shop. Login/input_Email_Email'

2023-09-22 14:26:47 - [MESSAGE][PASSED] - Text 'tigorsumarja@gmail.com' is set on object 'Object Repository/Page_Demo Web Shop. Login/input_Email_Email'

2023-09-22 14:26:47 - [TEST_STEP][PASSED] - click(findTestObject("Object Repository/Page_Demo Web Shop. Login/input_Forgot password_button-1 login-button")): Object: 'Object Repository/Page_Demo Web Shop. Login/input_Forgot password_button-1 login-button' is clicked on

2023-09-22 14:26:49 - [MESSAGE][PASSED] - Object: 'Object Repository/Page_Demo Web Shop. Login/input_Forgot password_button-1 login-button' is clicked on

2023-09-22 14:26:49 - [TEST_STEP][PASSED] - click(findTestObject("Object Repository/Page_Demo Web Shop/a_tigorsumarjagmail.com")): Object: 'Object Repository/Page_Demo Web Shop/a_tigorsumarjagmail.com' is clicked on

2023-09-22 14:26:50 - [MESSAGE][PASSED] - Object: 'Object Repository/Page_Demo Web Shop/a_tigorsumarjagmail.com' is clicked on

2023-09-22 14:26:50 - [TEST_STEP][PASSED] - click(findTestObject("Object Repository/Page_Demo Web Shop. Account/a_Log out")): Object: 'Object Repository/Page_Demo Web Shop. Account/a_Log out' is clicked on

2023-09-22 14:26:51 - [MESSAGE][PASSED] - Object: 'Object Repository/Page_Demo Web Shop. Account/a_Log out' is clicked on

2023-09-22 14:26:51 - [TEST_STEP][PASSED] - closeBrowser(): Browser is closed

2023-09-22 14:26:51 - [MESSAGE][PASSED] - Browser is closed]]></system-out>
         <system-err><![CDATA[]]></system-err>
      </testcase>
      <testcase name="Test Cases/Login" time="12.319" classname="Test Cases/Login" status="PASSED">
         <system-out><![CDATA[2023-09-22 14:26:51 - [TEST_CASE][PASSED] - Test Cases/Login: Test Cases/Login

2023-09-22 14:26:51 - [TEST_STEP][PASSED] - openBrowser(""): Browser is opened with url: ''

2023-09-22 14:26:51 - [MESSAGE][INFO] - Starting 'Chrome' driver

2023-09-22 14:26:51 - [MESSAGE][INFO] - Action delay is set to 0 milliseconds

2023-09-22 14:26:53 - [MESSAGE][PASSED] - Browser is opened with url: ''

2023-09-22 14:26:53 - [TEST_STEP][PASSED] - navigateToUrl("https://opensource-demo.orangehrmlive.com/web/index.php/auth/login"): Navigate to 'https://opensource-demo.orangehrmlive.com/web/index.php/auth/login' successfully

2023-09-22 14:26:57 - [MESSAGE][PASSED] - Navigate to 'https://opensource-demo.orangehrmlive.com/web/index.php/auth/login' successfully

2023-09-22 14:26:57 - [TEST_STEP][PASSED] - setText(findTestObject("Object Repository/Page_OrangeHRM/input_Username_username"), "Admin"): Text 'Admin' is set on object 'Object Repository/Page_OrangeHRM/input_Username_username'

2023-09-22 14:26:58 - [MESSAGE][PASSED] - Text 'Admin' is set on object 'Object Repository/Page_OrangeHRM/input_Username_username'

2023-09-22 14:26:58 - [TEST_STEP][PASSED] - setText(findTestObject("Object Repository/Page_OrangeHRM/input_Password_password"), "admin123"): Text 'admin123' is set on object 'Object Repository/Page_OrangeHRM/input_Password_password'

2023-09-22 14:26:58 - [MESSAGE][PASSED] - Text 'admin123' is set on object 'Object Repository/Page_OrangeHRM/input_Password_password'

2023-09-22 14:26:58 - [TEST_STEP][PASSED] - click(findTestObject("Object Repository/Page_OrangeHRM/button_Login")): Object: 'Object Repository/Page_OrangeHRM/button_Login' is clicked on

2023-09-22 14:26:59 - [MESSAGE][PASSED] - Object: 'Object Repository/Page_OrangeHRM/button_Login' is clicked on

2023-09-22 14:26:59 - [TEST_STEP][PASSED] - click(findTestObject("Object Repository/Page_OrangeHRM/i_Dashboard_oxd-icon bi-caret-down-fill oxd_d2fd49")): Object: 'Object Repository/Page_OrangeHRM/i_Dashboard_oxd-icon bi-caret-down-fill oxd_d2fd49' is clicked on

2023-09-22 14:27:01 - [MESSAGE][PASSED] - Object: 'Object Repository/Page_OrangeHRM/i_Dashboard_oxd-icon bi-caret-down-fill oxd_d2fd49' is clicked on

2023-09-22 14:27:01 - [TEST_STEP][PASSED] - click(findTestObject("Object Repository/Page_OrangeHRM/a_Logout")): Object: 'Object Repository/Page_OrangeHRM/a_Logout' is clicked on

2023-09-22 14:27:03 - [MESSAGE][PASSED] - Object: 'Object Repository/Page_OrangeHRM/a_Logout' is clicked on

2023-09-22 14:27:03 - [TEST_STEP][PASSED] - closeBrowser(): Browser is closed

2023-09-22 14:27:04 - [MESSAGE][PASSED] - Browser is closed]]></system-out>
         <system-err><![CDATA[]]></system-err>
      </testcase>
      <testcase name="Test Cases/New Test Case" time="0.155" classname="Test Cases/New Test Case" status="PASSED">
         <system-out><![CDATA[2023-09-22 14:27:04 - [TEST_CASE][PASSED] - Test Cases/New Test Case: Test Cases/New Test Case

2023-09-22 14:27:04 - [TEST_STEP][PASSED] - return null: null]]></system-out>
         <system-err><![CDATA[]]></system-err>
      </testcase>
      <system-out><![CDATA[2023-09-22 14:26:26 - [TEST_SUITE][PASSED] - Coba aja: Test Cases/New Test Case]]></system-out>
      <system-err><![CDATA[]]></system-err>
   </testsuite>
</testsuites>
